<?xml version="1.0" encoding="UTF-8"?>
<testng-results ignored="0" total="2" passed="2" failed="0" skipped="0">
  <reporter-output>
  </reporter-output>
  <suite started-at="2025-05-13T11:27:05 IST" name="Multi-Browser Test Suite" finished-at="2025-05-13T11:27:13 IST" duration-ms="8333">
    <groups>
    </groups>
    <test started-at="2025-05-13T11:27:05 IST" name="Chrome Test" finished-at="2025-05-13T11:27:12 IST" duration-ms="7176">
      <class name="com.examples.tests.StockInfoTest">
        <test-method is-config="true" signature="setUp(java.lang.String,org.testng.ITestContext)[pri:0, instance:com.examples.tests.StockInfoTest@4c2cc639]" started-at="2025-05-13T11:27:05 IST" name="setUp" finished-at="2025-05-13T11:27:07 IST" duration-ms="2041" status="PASS">
          <params>
            <param index="0">
              <value>
                <![CDATA[chrome]]>
              </value>
            </param>
            <param index="1">
              <value>
                <![CDATA[org.testng.TestRunner@1e94b5e9]]>
              </value>
            </param>
          </params>
          <reporter-output>
          </reporter-output>
        </test-method> <!-- setUp -->
        <test-method is-config="true" signature="beforeMethod(org.testng.ITestContext)[pri:0, instance:com.examples.tests.StockInfoTest@4c2cc639]" started-at="2025-05-13T11:27:07 IST" name="beforeMethod" finished-at="2025-05-13T11:27:07 IST" duration-ms="1" status="PASS">
          <params>
            <param index="0">
              <value>
                <![CDATA[org.testng.TestRunner@1e94b5e9]]>
              </value>
            </param>
          </params>
          <reporter-output>
          </reporter-output>
        </test-method> <!-- beforeMethod -->
        <test-method signature="verifyStockInformationDisplay(org.testng.ITestContext)[pri:0, instance:com.examples.tests.StockInfoTest@4c2cc639]" started-at="2025-05-13T11:27:07 IST" name="verifyStockInformationDisplay" finished-at="2025-05-13T11:27:11 IST" duration-ms="4554" status="PASS">
          <params>
            <param index="0">
              <value>
                <![CDATA[org.testng.TestRunner@1e94b5e9]]>
              </value>
            </param>
          </params>
          <reporter-output>
          </reporter-output>
        </test-method> <!-- verifyStockInformationDisplay -->
        <test-method is-config="true" signature="tearDown(org.testng.ITestContext)[pri:0, instance:com.examples.tests.StockInfoTest@4c2cc639]" started-at="2025-05-13T11:27:11 IST" name="tearDown" finished-at="2025-05-13T11:27:12 IST" duration-ms="322" status="PASS">
          <params>
            <param index="0">
              <value>
                <![CDATA[org.testng.TestRunner@1e94b5e9]]>
              </value>
            </param>
          </params>
          <reporter-output>
          </reporter-output>
        </test-method> <!-- tearDown -->
      </class> <!-- com.examples.tests.StockInfoTest -->
    </test> <!-- Chrome Test -->
    <test started-at="2025-05-13T11:27:05 IST" name="Edge Test" finished-at="2025-05-13T11:27:13 IST" duration-ms="8333">
      <class name="com.examples.tests.StockInfoTest">
        <test-method is-config="true" signature="setUp(java.lang.String,org.testng.ITestContext)[pri:0, instance:com.examples.tests.StockInfoTest@aafcffa]" started-at="2025-05-13T11:27:05 IST" name="setUp" finished-at="2025-05-13T11:27:07 IST" duration-ms="2047" status="PASS">
          <params>
            <param index="0">
              <value>
                <![CDATA[edge]]>
              </value>
            </param>
            <param index="1">
              <value>
                <![CDATA[org.testng.TestRunner@441958ef]]>
              </value>
            </param>
          </params>
          <reporter-output>
          </reporter-output>
        </test-method> <!-- setUp -->
        <test-method is-config="true" signature="beforeMethod(org.testng.ITestContext)[pri:0, instance:com.examples.tests.StockInfoTest@aafcffa]" started-at="2025-05-13T11:27:07 IST" name="beforeMethod" finished-at="2025-05-13T11:27:07 IST" duration-ms="1" status="PASS">
          <params>
            <param index="0">
              <value>
                <![CDATA[org.testng.TestRunner@441958ef]]>
              </value>
            </param>
          </params>
          <reporter-output>
          </reporter-output>
        </test-method> <!-- beforeMethod -->
        <test-method signature="verifyStockInformationDisplay(org.testng.ITestContext)[pri:0, instance:com.examples.tests.StockInfoTest@aafcffa]" started-at="2025-05-13T11:27:07 IST" name="verifyStockInformationDisplay" finished-at="2025-05-13T11:27:12 IST" duration-ms="4725" status="PASS">
          <params>
            <param index="0">
              <value>
                <![CDATA[org.testng.TestRunner@441958ef]]>
              </value>
            </param>
          </params>
          <reporter-output>
          </reporter-output>
        </test-method> <!-- verifyStockInformationDisplay -->
        <test-method is-config="true" signature="tearDown(org.testng.ITestContext)[pri:0, instance:com.examples.tests.StockInfoTest@aafcffa]" started-at="2025-05-13T11:27:12 IST" name="tearDown" finished-at="2025-05-13T11:27:13 IST" duration-ms="1319" status="PASS">
          <params>
            <param index="0">
              <value>
                <![CDATA[org.testng.TestRunner@441958ef]]>
              </value>
            </param>
          </params>
          <reporter-output>
          </reporter-output>
        </test-method> <!-- tearDown -->
      </class> <!-- com.examples.tests.StockInfoTest -->
    </test> <!-- Edge Test -->
  </suite> <!-- Multi-Browser Test Suite -->
</testng-results>
